<?xml version="1.0" encoding="UTF-8"?>
<!-- Generated by org.testng.reporters.JUnitReportReporter -->
<testsuite hostname="Neelams-iMac.local" failures="0" tests="3" name="TestNGDemo.enabled" time="0.005" errors="0" timestamp="2022-01-13T15:26:31 PST" skipped="1">
  <testcase classname="TestNGDemo.enabled" name="c_language" time="0.004"/>
  <system-out/>
  <testcase classname="TestNGDemo.enabled" name="java" time="0.001"/>
  <system-out/>
  <testcase classname="TestNGDemo.enabled" name="jira">
    <skipped/>
  </testcase> <!-- jira -->
  <system-out/>
</testsuite> <!-- TestNGDemo.enabled -->
