<?xml version="1.0" encoding="UTF-8"?>
<!-- Generated by org.testng.reporters.JUnitReportReporter -->
<testsuite hostname="Neelams-iMac.local" failures="0" tests="2" name="groupsTestNGDemo.IncludeExcludeGroups" time="0.007" errors="0" timestamp="2022-01-13T14:40:23 PST" skipped="0">
  <testcase classname="groupsTestNGDemo.IncludeExcludeGroups" name="test_case2" time="0.001"/>
  <system-out/>
  <testcase classname="groupsTestNGDemo.IncludeExcludeGroups" name="test_case1" time="0.006"/>
  <system-out/>
</testsuite> <!-- groupsTestNGDemo.IncludeExcludeGroups -->
