<?xml version="1.0" encoding="UTF-8"?>
<!-- Generated by org.testng.reporters.JUnitReportReporter -->
<testsuite hostname="Neelams-iMac.local" failures="0" tests="1" name="parametersTestNGDemo1.add" time="0.015" errors="0" timestamp="2022-01-18T15:16:06 PST" skipped="0">
  <testcase classname="parametersTestNGDemo1.add" name="sum" time="0.015"/>
  <system-out/>
</testsuite> <!-- parametersTestNGDemo1.add -->
