<?xml version="1.0" encoding="UTF-8"?>
<!-- Generated by org.testng.reporters.JUnitReportReporter -->
<testsuite hostname="Neelams-iMac.local" failures="0" tests="1" name="parametersTestNGDemo.sum" time="0.008" errors="0" timestamp="2022-01-13T18:39:41 PST" skipped="0">
  <testcase classname="parametersTestNGDemo.sum" name="add" time="0.008"/>
  <system-out/>
</testsuite> <!-- parametersTestNGDemo.sum -->
