<?xml version="1.0" encoding="UTF-8"?>
<!-- Generated by org.testng.reporters.JUnitReportReporter -->
<testsuite hostname="Neelams-iMac.local" failures="0" tests="3" name="TestNGDemo.groups" time="0.009" errors="0" timestamp="2022-01-13T14:00:21 PST" skipped="0">
  <testcase classname="TestNGDemo.groups" name="technip" time="0.001"/>
  <system-out/>
  <testcase classname="TestNGDemo.groups" name="infosys" time="0.007"/>
  <system-out/>
  <testcase classname="TestNGDemo.groups" name="wipro" time="0.001"/>
  <system-out/>
</testsuite> <!-- TestNGDemo.groups -->
