<?xml version="1.0" encoding="UTF-8"?>
<!-- Generated by org.testng.reporters.JUnitReportReporter -->
<testsuite hostname="Neelams-iMac.local" failures="0" tests="1" name="parametersTestNGDemo1.subtract" time="0.002" errors="0" timestamp="2022-01-18T15:16:06 PST" skipped="0">
  <testcase classname="parametersTestNGDemo1.subtract" name="diff" time="0.002"/>
  <system-out/>
</testsuite> <!-- parametersTestNGDemo1.subtract -->
