<?xml version="1.0" encoding="UTF-8"?>
<!-- Generated by org.testng.reporters.JUnitReportReporter -->
<testsuite hostname="Neelams-iMac.local" failures="0" tests="1" name="annotationsHierarchyDemo.hierarchyTest" time="0.009" errors="0" timestamp="2022-04-25T20:45:44 PDT" skipped="0">
  <testcase classname="annotationsHierarchyDemo.hierarchyTest" name="testCase1" time="0.009"/>
  <system-out/>
</testsuite> <!-- annotationsHierarchyDemo.hierarchyTest -->
