<?xml version="1.0" encoding="UTF-8"?>
<!-- Generated by org.testng.reporters.JUnitReportReporter -->
<testsuite hostname="Neelams-iMac.local" failures="0" tests="1" name="firstProgram" time="0.014" errors="0" timestamp="2022-01-10T09:40:28 PST" skipped="0">
  <testcase classname="firstProgram" name="test1" time="0.014"/>
  <system-out/>
</testsuite> <!-- firstProgram -->
