<?xml version="1.0" encoding="UTF-8"?>
<!-- Generated by org.testng.reporters.JUnitReportReporter -->
<testsuite hostname="Neelams-iMac.local" failures="0" tests="2" name="parametersTestNGDemo2.vegetables" time="0.003" errors="0" timestamp="2022-01-18T15:18:56 PST" skipped="0">
  <testcase classname="parametersTestNGDemo2.vegetables" name="orange" time="0.002"/>
  <system-out/>
  <testcase classname="parametersTestNGDemo2.vegetables" name="c" time="0.001"/>
  <system-out/>
</testsuite> <!-- parametersTestNGDemo2.vegetables -->
