<?xml version="1.0" encoding="UTF-8"?>
<!-- Generated by org.testng.reporters.JUnitReportReporter -->
<testsuite hostname="Neelams-iMac.local" failures="0" tests="1" name="parametersTestNGDemo.subtract" time="0.001" errors="0" timestamp="2022-01-13T18:39:41 PST" skipped="0">
  <testcase classname="parametersTestNGDemo.subtract" name="add" time="0.001"/>
  <system-out/>
</testsuite> <!-- parametersTestNGDemo.subtract -->
