<?xml version="1.0" encoding="UTF-8"?>
<!-- Generated by org.testng.reporters.JUnitReportReporter -->
<testsuite hostname="Neelams-iMac.local" failures="0" tests="4" name="groupsTestNGDemo.multipleGroups" time="0.020" errors="0" timestamp="2022-01-13T15:42:46 PST" skipped="0">
  <testcase classname="groupsTestNGDemo.multipleGroups" name="testcase1" time="0.009"/>
  <system-out/>
  <testcase classname="groupsTestNGDemo.multipleGroups" name="testcase2" time="0.005"/>
  <system-out/>
  <testcase classname="groupsTestNGDemo.multipleGroups" name="testcase3" time="0.003"/>
  <system-out/>
  <testcase classname="groupsTestNGDemo.multipleGroups" name="testcase2" time="0.003"/>
  <system-out/>
</testsuite> <!-- groupsTestNGDemo.multipleGroups -->
