<?xml version="1.0" encoding="UTF-8"?>
<!-- Generated by org.testng.reporters.JUnitReportReporter -->
<testsuite hostname="Neelams-iMac.local" failures="0" tests="1" name="parametersTestNGDemo1.sum" time="0.006" errors="0" timestamp="2022-01-13T18:41:50 PST" skipped="0">
  <testcase classname="parametersTestNGDemo1.sum" name="add" time="0.006"/>
  <system-out/>
</testsuite> <!-- parametersTestNGDemo1.sum -->
