<?xml version="1.0" encoding="UTF-8"?>
<!-- Generated by org.testng.reporters.JUnitReportReporter -->
<testsuite hostname="Neelams-iMac.local" failures="0" tests="2" name="groupsTestNGDemo.groupInGroups" time="0.010" errors="0" timestamp="2022-01-13T15:41:03 PST" skipped="0">
  <testcase classname="groupsTestNGDemo.groupInGroups" name="test1" time="0.009"/>
  <system-out/>
  <testcase classname="groupsTestNGDemo.groupInGroups" name="test2" time="0.001"/>
  <system-out/>
</testsuite> <!-- groupsTestNGDemo.groupInGroups -->
