<?xml version="1.0" encoding="UTF-8"?>
<!-- Generated by org.testng.reporters.JUnitReportReporter -->
<testsuite hostname="Neelams-iMac.local" failures="0" tests="2" name="parallelBrowserDemo.verifyTitle" time="44.030" errors="0" timestamp="2022-01-18T15:25:24 PST" skipped="0">
  <testcase classname="parallelBrowserDemo.verifyTitle" name="verifyPageTitle" time="36.808"/>
  <system-out/>
  <testcase classname="parallelBrowserDemo.verifyTitle" name="verifyPageTitle" time="7.222"/>
  <system-out/>
</testsuite> <!-- parallelBrowserDemo.verifyTitle -->
