<?xml version="1.0" encoding="UTF-8"?>
<!-- Generated by org.testng.reporters.JUnitReportReporter -->
<testsuite hostname="Neelams-iMac.local" failures="0" tests="3" name="TestNGDemo.dependsOnMethods2" time="0.011" errors="0" timestamp="2022-01-13T13:55:24 PST" skipped="0">
  <testcase classname="TestNGDemo.dependsOnMethods2" name="testcase1" time="0.001"/>
  <system-out/>
  <testcase classname="TestNGDemo.dependsOnMethods2" name="testcase3" time="0.002"/>
  <system-out/>
  <testcase classname="TestNGDemo.dependsOnMethods2" name="testcase2" time="0.008"/>
  <system-out/>
</testsuite> <!-- TestNGDemo.dependsOnMethods2 -->
