<?xml version="1.0" encoding="UTF-8"?>
<!-- Generated by org.testng.reporters.JUnitReportReporter -->
<testsuite hostname="Neelams-iMac.local" failures="0" tests="3" name="TestNGDemo.priority" time="0.002" errors="0" timestamp="2022-01-13T15:26:31 PST" skipped="0">
  <testcase classname="TestNGDemo.priority" name="mango" time="0.000"/>
  <system-out/>
  <testcase classname="TestNGDemo.priority" name="watermelon" time="0.001"/>
  <system-out/>
  <testcase classname="TestNGDemo.priority" name="apple" time="0.001"/>
  <system-out/>
</testsuite> <!-- TestNGDemo.priority -->
