<?xml version="1.0" encoding="UTF-8"?>
<!-- Generated by org.testng.reporters.JUnitReportReporter -->
<testsuite hostname="Neelams-iMac.local" failures="0" tests="3" name="TestNGDemo.dependsOnMethods" time="0.009" errors="0" timestamp="2022-01-13T13:52:10 PST" skipped="0">
  <testcase classname="TestNGDemo.dependsOnMethods" name="APIStudentLogin" time="0.001"/>
  <system-out/>
  <testcase classname="TestNGDemo.dependsOnMethods" name="WebStudentLogin" time="0.001"/>
  <system-out/>
  <testcase classname="TestNGDemo.dependsOnMethods" name="MobileStudentLogin" time="0.007"/>
  <system-out/>
</testsuite> <!-- TestNGDemo.dependsOnMethods -->
