<?xml version="1.0" encoding="UTF-8"?>
<!-- Generated by org.testng.reporters.JUnitReportReporter -->
<testsuite hostname="Neelams-iMac.local" failures="0" tests="3" name="TestNGDemo.dependsOnMethods1" time="0.010" errors="0" timestamp="2022-01-13T15:12:03 PST" skipped="0">
  <testcase classname="TestNGDemo.dependsOnMethods1" name="WebStudentLogin" time="0.001"/>
  <system-out/>
  <testcase classname="TestNGDemo.dependsOnMethods1" name="APIStudentLogin" time="0.001"/>
  <system-out/>
  <testcase classname="TestNGDemo.dependsOnMethods1" name="MobileStudentLogin" time="0.008"/>
  <system-out/>
</testsuite> <!-- TestNGDemo.dependsOnMethods1 -->
