<?xml version="1.0" encoding="UTF-8"?>
<!-- Generated by org.testng.reporters.JUnitReportReporter -->
<testsuite hostname="Neelams-iMac.local" failures="0" tests="1" name="TestNGDemo.annotationsHierarchy" time="0.005" errors="0" timestamp="2022-01-18T10:48:49 PST" skipped="0">
  <testcase classname="TestNGDemo.annotationsHierarchy" name="testCase1" time="0.005"/>
  <system-out/>
</testsuite> <!-- TestNGDemo.annotationsHierarchy -->
