<?xml version="1.0" encoding="UTF-8"?>
<!-- Generated by org.testng.reporters.JUnitReportReporter -->
<testsuite hostname="Neelams-iMac.local" failures="0" tests="1" name="groupsTestNGDemo.Personal_loan" time="0.013" errors="0" timestamp="2022-01-13T15:37:31 PST" skipped="0">
  <testcase classname="groupsTestNGDemo.Personal_loan" name="WebLoginPersonalLoan" time="0.013"/>
  <system-out/>
</testsuite> <!-- groupsTestNGDemo.Personal_loan -->
