<?xml version="1.0" encoding="UTF-8"?>
<!-- Generated by org.testng.reporters.JUnitReportReporter -->
<testsuite hostname="Neelams-iMac.local" failures="0" tests="2" name="dataProviderDemo.dataProvider" time="0.007" errors="0" timestamp="2022-03-15T23:29:43 PDT" skipped="0">
  <testcase classname="dataProviderDemo.dataProvider" name="myTest" time="0.001"/>
  <system-out/>
  <testcase classname="dataProviderDemo.dataProvider" name="myTest" time="0.006"/>
  <system-out/>
</testsuite> <!-- dataProviderDemo.dataProvider -->
