<?xml version="1.0" encoding="UTF-8"?>
<!-- Generated by org.testng.reporters.JUnitReportReporter -->
<testsuite hostname="Neelams-iMac.local" failures="0" tests="2" name="groupsTestNGDemo.regExGroups" time="0.009" errors="0" timestamp="2022-01-13T15:39:22 PST" skipped="0">
  <testcase classname="groupsTestNGDemo.regExGroups" name="test_case2" time="0.002"/>
  <system-out/>
  <testcase classname="groupsTestNGDemo.regExGroups" name="test_case1" time="0.007"/>
  <system-out/>
</testsuite> <!-- groupsTestNGDemo.regExGroups -->
