<?xml version="1.0" encoding="UTF-8"?>
<!-- Generated by org.testng.reporters.JUnitReportReporter -->
<testsuite hostname="Neelams-iMac.local" failures="0" tests="2" name="secondProgram" time="0.009" errors="0" timestamp="2022-01-10T10:01:25 PST" skipped="0">
  <testcase classname="secondProgram" name="test2" time="0.001"/>
  <system-out/>
  <testcase classname="secondProgram" name="test1" time="0.008"/>
  <system-out/>
</testsuite> <!-- secondProgram -->
