<?xml version="1.0" encoding="UTF-8"?>
<!-- Generated by org.testng.reporters.JUnitReportReporter -->
<testsuite hostname="Neelams-iMac.local" failures="0" tests="1" name="TestNGDemo.singleTest" time="0.011" errors="0" timestamp="2022-01-13T15:26:31 PST" skipped="0">
  <testcase classname="TestNGDemo.singleTest" name="MobleLoginCarLoan" time="0.011"/>
  <system-out/>
</testsuite> <!-- TestNGDemo.singleTest -->
