<?xml version="1.0" encoding="UTF-8"?>
<!-- Generated by org.testng.reporters.JUnitReportReporter -->
<testsuite hostname="Neelams-iMac.local" failures="0" tests="2" name="dataProviderDemo.inheritedDataProvider" time="0.007" errors="0" timestamp="2022-01-18T15:32:00 PST" skipped="0">
  <testcase classname="dataProviderDemo.inheritedDataProvider" name="myTest" time="0.001"/>
  <system-out/>
  <testcase classname="dataProviderDemo.inheritedDataProvider" name="myTest" time="0.006"/>
  <system-out/>
</testsuite> <!-- dataProviderDemo.inheritedDataProvider -->
