<?xml version="1.0" encoding="UTF-8"?>
<!-- Generated by org.testng.reporters.JUnitReportReporter -->
<testsuite hostname="Neelams-iMac.local" failures="0" tests="2" name="crossBrowserDemo.verifyTitle" time="60.687" errors="0" timestamp="2022-01-18T15:22:51 PST" skipped="0">
  <testcase classname="crossBrowserDemo.verifyTitle" name="verifyPageTitle" time="23.977"/>
  <system-out/>
  <testcase classname="crossBrowserDemo.verifyTitle" name="verifyPageTitle" time="36.710"/>
  <system-out/>
</testsuite> <!-- crossBrowserDemo.verifyTitle -->
