<?xml version="1.0" encoding="UTF-8"?>
<!-- Generated by org.testng.reporters.JUnitReportReporter -->
<testsuite hostname="Neelams-iMac.local" failures="0" tests="1" name="TestNGDemo.multipleTest" time="0.012" errors="0" timestamp="2022-01-13T15:31:16 PST" skipped="0">
  <testcase classname="TestNGDemo.multipleTest" name="WebLoginPersonalLoan" time="0.012"/>
  <system-out/>
</testsuite> <!-- TestNGDemo.multipleTest -->
