<?xml version="1.0" encoding="UTF-8"?>
<!-- Generated by org.testng.reporters.JUnitReportReporter -->
<testsuite hostname="Neelams-iMac.local" failures="0" tests="1" name="test" time="0.007" errors="0" timestamp="2021-12-15T22:31:12 PST" skipped="0">
  <testcase classname="test" name="test1" time="0.007"/>
  <system-out/>
</testsuite> <!-- test -->
