<?xml version="1.0" encoding="UTF-8"?>
<!-- Generated by org.testng.reporters.JUnitReportReporter -->
<testsuite hostname="Neelams-iMac.local" failures="0" tests="2" name="TestNGDemo.disableTest" time="0.001" errors="0" timestamp="2022-01-13T15:26:31 PST" skipped="1">
  <testcase classname="TestNGDemo.disableTest" name="MobileLoginHomeLoan" time="0.001"/>
  <system-out/>
  <testcase classname="TestNGDemo.disableTest" name="WebLoginPersonalLoan">
    <skipped/>
  </testcase> <!-- WebLoginPersonalLoan -->
  <system-out/>
</testsuite> <!-- TestNGDemo.disableTest -->
